<?xml version="1.0" encoding="UTF-8"?>
<testng-results ignored="0" total="6" passed="6" failed="0" skipped="0">
  <reporter-output>
  </reporter-output>
  <suite started-at="2025-12-27T14:51:24 IST" name="Default suite" finished-at="2025-12-27T14:51:31 IST" duration-ms="7772">
    <groups>
      <group name="cucumber">
        <method signature="AbstractTestNGCucumberTests.runScenario(io.cucumber.testng.PickleWrapper,io.cucumber.testng.FeatureWrapper)[pri:0, instance:runners.TestRunner@548d708a]" name="runScenario" class="io.cucumber.testng.AbstractTestNGCucumberTests"/>
      </group> <!-- cucumber -->
    </groups>
    <test started-at="2025-12-27T14:51:24 IST" name="Default test" finished-at="2025-12-27T14:51:31 IST" duration-ms="7772">
      <class name="runners.TestRunner">
        <test-method is-config="true" signature="setUpClass(org.testng.ITestContext)[pri:0, instance:runners.TestRunner@548d708a]" started-at="2025-12-27T14:51:24 IST" name="setUpClass" finished-at="2025-12-27T14:51:24 IST" duration-ms="639" status="PASS">
          <params>
            <param index="0">
              <value>
                <![CDATA[org.testng.TestRunner@7856f41a]]>
              </value>
            </param>
          </params>
          <reporter-output>
          </reporter-output>
        </test-method> <!-- setUpClass -->
        <test-method signature="runScenario(io.cucumber.testng.PickleWrapper,io.cucumber.testng.FeatureWrapper)[pri:0, instance:runners.TestRunner@548d708a]" started-at="2025-12-27T14:51:24 IST" name="runScenario" description="Runs Cucumber Scenarios" data-provider="scenarios" finished-at="2025-12-27T14:51:28 IST" duration-ms="3523" status="PASS">
          <params>
            <param index="0">
              <value>
                <![CDATA["Create a post"]]>
              </value>
            </param>
            <param index="1">
              <value>
                <![CDATA["Posts API"]]>
              </value>
            </param>
          </params>
          <reporter-output>
          </reporter-output>
        </test-method> <!-- runScenario -->
        <test-method signature="runScenario(io.cucumber.testng.PickleWrapper,io.cucumber.testng.FeatureWrapper)[pri:0, instance:runners.TestRunner@548d708a]" started-at="2025-12-27T14:51:28 IST" name="runScenario" description="Runs Cucumber Scenarios" data-provider="scenarios" finished-at="2025-12-27T14:51:28 IST" duration-ms="671" status="PASS">
          <params>
            <param index="0">
              <value>
                <![CDATA["Update the created post"]]>
              </value>
            </param>
            <param index="1">
              <value>
                <![CDATA["Posts API"]]>
              </value>
            </param>
          </params>
          <reporter-output>
          </reporter-output>
        </test-method> <!-- runScenario -->
        <test-method signature="runScenario(io.cucumber.testng.PickleWrapper,io.cucumber.testng.FeatureWrapper)[pri:0, instance:runners.TestRunner@548d708a]" started-at="2025-12-27T14:51:28 IST" name="runScenario" description="Runs Cucumber Scenarios" data-provider="scenarios" finished-at="2025-12-27T14:51:29 IST" duration-ms="767" status="PASS">
          <params>
            <param index="0">
              <value>
                <![CDATA["Delete the created post"]]>
              </value>
            </param>
            <param index="1">
              <value>
                <![CDATA["Posts API"]]>
              </value>
            </param>
          </params>
          <reporter-output>
          </reporter-output>
        </test-method> <!-- runScenario -->
        <test-method signature="runScenario(io.cucumber.testng.PickleWrapper,io.cucumber.testng.FeatureWrapper)[pri:0, instance:runners.TestRunner@548d708a]" started-at="2025-12-27T14:51:29 IST" name="runScenario" description="Runs Cucumber Scenarios" data-provider="scenarios" finished-at="2025-12-27T14:51:30 IST" duration-ms="720" status="PASS">
          <params>
            <param index="0">
              <value>
                <![CDATA["Get all users"]]>
              </value>
            </param>
            <param index="1">
              <value>
                <![CDATA["Users API"]]>
              </value>
            </param>
          </params>
          <reporter-output>
          </reporter-output>
        </test-method> <!-- runScenario -->
        <test-method signature="runScenario(io.cucumber.testng.PickleWrapper,io.cucumber.testng.FeatureWrapper)[pri:0, instance:runners.TestRunner@548d708a]" started-at="2025-12-27T14:51:30 IST" name="runScenario" description="Runs Cucumber Scenarios" data-provider="scenarios" finished-at="2025-12-27T14:51:31 IST" duration-ms="645" status="PASS">
          <params>
            <param index="0">
              <value>
                <![CDATA["Get user by id"]]>
              </value>
            </param>
            <param index="1">
              <value>
                <![CDATA["Users API"]]>
              </value>
            </param>
          </params>
          <reporter-output>
          </reporter-output>
        </test-method> <!-- runScenario -->
        <test-method signature="runScenario(io.cucumber.testng.PickleWrapper,io.cucumber.testng.FeatureWrapper)[pri:0, instance:runners.TestRunner@548d708a]" started-at="2025-12-27T14:51:31 IST" name="runScenario" description="Runs Cucumber Scenarios" data-provider="scenarios" finished-at="2025-12-27T14:51:31 IST" duration-ms="686" status="PASS">
          <params>
            <param index="0">
              <value>
                <![CDATA["User not found"]]>
              </value>
            </param>
            <param index="1">
              <value>
                <![CDATA["Users API"]]>
              </value>
            </param>
          </params>
          <reporter-output>
          </reporter-output>
        </test-method> <!-- runScenario -->
        <test-method is-config="true" signature="tearDownClass()[pri:0, instance:runners.TestRunner@548d708a]" started-at="2025-12-27T14:51:31 IST" name="tearDownClass" finished-at="2025-12-27T14:51:31 IST" duration-ms="64" status="PASS">
          <reporter-output>
          </reporter-output>
        </test-method> <!-- tearDownClass -->
      </class> <!-- runners.TestRunner -->
    </test> <!-- Default test -->
  </suite> <!-- Default suite -->
</testng-results>
