<?xml version="1.0" encoding="UTF-8"?>
<!-- Generated by org.testng.reporters.JUnitReportReporter -->
<testsuite hostname="PratikshaK-WIN" failures="0" tests="6" name="runners.TestRunner" time="7.012" errors="0" timestamp="2025-12-27T14:51:31 IST" skipped="0">
  <testcase classname="runners.TestRunner" name="runScenario" time="0.645"/>
  <testcase classname="runners.TestRunner" name="runScenario" time="0.720"/>
  <testcase classname="runners.TestRunner" name="runScenario" time="0.686"/>
  <testcase classname="runners.TestRunner" name="runScenario" time="3.523"/>
  <testcase classname="runners.TestRunner" name="runScenario" time="0.767"/>
  <testcase classname="runners.TestRunner" name="runScenario" time="0.671"/>
</testsuite> <!-- runners.TestRunner -->
